#
# There is insufficient memory for the Java Runtime Environment to continue.
# Native memory allocation (malloc) failed to allocate 1053728 bytes for Chunk::new
# Possible reasons:
#   The system is out of physical RAM or swap space
#   The process is running with CompressedOops enabled, and the Java Heap may be blocking the growth of the native heap
# Possible solutions:
#   Reduce memory load on the system
#   Increase physical memory or swap space
#   Check if swap backing store is full
#   Decrease Java heap size (-Xmx/-Xms)
#   Decrease number of Java threads
#   Decrease Java thread stack sizes (-Xss)
#   Set larger code cache with -XX:ReservedCodeCacheSize=
#   JVM is running with Zero Based Compressed Oops mode in which the Java heap is
#     placed in the first 32GB address space. The Java Heap base address is the
#     maximum limit for the native heap growth. Please use -XX:HeapBaseMinAddress
#     to set the Java Heap base and to place the Java Heap above 32GB virtual address.
# This output file may be truncated or incomplete.
#
#  Out of Memory Error (arena.cpp:191), pid=16036, tid=15524
#
# JRE version: OpenJDK Runtime Environment Temurin-17.0.10+7 (17.0.10+7) (build 17.0.10+7)
# Java VM: OpenJDK 64-Bit Server VM Temurin-17.0.10+7 (17.0.10+7, mixed mode, tiered, compressed oops, compressed class ptrs, g1 gc, windows-amd64)
# No core dump will be written. Minidumps are not enabled by default on client versions of Windows
#

---------------  S U M M A R Y ------------

Command Line: -agentlib:jdwp=transport=dt_socket,server=n,suspend=y,address=localhost:50271 -XX:+ShowCodeDetailsInExceptionMessages br.com.picpay.picpay.PicpayApplication

Host: Intel(R) Core(TM) i7-4500U CPU @ 1.80GHz, 4 cores, 15G,  Windows 10 , 64 bit Build 19041 (10.0.19041.3636)
Time: Sun May 26 17:20:10 2024 Hora oficial do Brasil elapsed time: 3363.434604 seconds (0d 0h 56m 3s)

---------------  T H R E A D  ---------------

Current thread (0x000002b668beb620):  JavaThread "C2 CompilerThread0" daemon [_thread_in_native, id=15524, stack(0x000000e651200000,0x000000e651300000)]


Current CompileTask:
C2:3363434 8890       4       org.apache.kafka.clients.FetchSessionHandler::handleResponse (534 bytes)

Stack: [0x000000e651200000,0x000000e651300000]
Native frames: (J=compiled Java code, j=interpreted, Vv=VM code, C=native code)
V  [jvm.dll+0x67d2c9]
V  [jvm.dll+0x834afa]
V  [jvm.dll+0x8365be]
V  [jvm.dll+0x836c23]
V  [jvm.dll+0x2477ff]
V  [jvm.dll+0xac514]
V  [jvm.dll+0xacb5c]
V  [jvm.dll+0x3667d7]
V  [jvm.dll+0x330bfa]
V  [jvm.dll+0x33009a]
V  [jvm.dll+0x219ef1]
V  [jvm.dll+0x219311]
V  [jvm.dll+0x1a502d]
V  [jvm.dll+0x2290de]
V  [jvm.dll+0x2272ac]
V  [jvm.dll+0x7e9bb7]
V  [jvm.dll+0x7e3fba]
V  [jvm.dll+0x67c1b5]
C  [ucrtbase.dll+0x21bb2]
C  [KERNEL32.DLL+0x17344]
C  [ntdll.dll+0x526b1]


---------------  P R O C E S S  ---------------

Threads class SMR info:
_java_thread_list=0x000002b6700f1c40, length=36, elements={
0x000002b668bb7d70, 0x000002b668bb9610, 0x000002b668bff560, 0x000002b668c01130,
0x000002b668c02790, 0x000002b668be8a10, 0x000002b668beb620, 0x000002b668bec0d0,
0x000002b668c0d820, 0x000002b668dba030, 0x000002b668dbe0f0, 0x000002b668dbe7e0,
0x000002b668dc54b0, 0x000002b668dd4640, 0x000002b66e4a0430, 0x000002b66e49ff20,
0x000002b66e49e5d0, 0x000002b66e4a4b10, 0x000002b66e49eae0, 0x000002b66e49e0c0,
0x000002b66e4a1870, 0x000002b66e4a2cb0, 0x000002b66e4a5020, 0x000002b66e4a31c0,
0x000002b66e49eff0, 0x000002b66e4a5a40, 0x000002b66e4a36d0, 0x000002b66e4a40f0,
0x000002b66e4a3be0, 0x000002b66e2775e0, 0x000002b66e279950, 0x000002b66e27a370,
0x000002b66e278f30, 0x000002b66e27a880, 0x000002b66e277af0, 0x000002b66e4a1d80
}

Java Threads: ( => current thread )
  0x000002b668bb7d70 JavaThread "Reference Handler" daemon [_thread_blocked, id=12524, stack(0x000000e650c00000,0x000000e650d00000)]
  0x000002b668bb9610 JavaThread "Finalizer" daemon [_thread_blocked, id=20848, stack(0x000000e650d00000,0x000000e650e00000)]
  0x000002b668bff560 JavaThread "Signal Dispatcher" daemon [_thread_blocked, id=9220, stack(0x000000e650e00000,0x000000e650f00000)]
  0x000002b668c01130 JavaThread "Attach Listener" daemon [_thread_blocked, id=15988, stack(0x000000e650f00000,0x000000e651000000)]
  0x000002b668c02790 JavaThread "Service Thread" daemon [_thread_blocked, id=2680, stack(0x000000e651000000,0x000000e651100000)]
  0x000002b668be8a10 JavaThread "Monitor Deflation Thread" daemon [_thread_blocked, id=16272, stack(0x000000e651100000,0x000000e651200000)]
=>0x000002b668beb620 JavaThread "C2 CompilerThread0" daemon [_thread_in_native, id=15524, stack(0x000000e651200000,0x000000e651300000)]
  0x000002b668bec0d0 JavaThread "C1 CompilerThread0" daemon [_thread_blocked, id=20872, stack(0x000000e651300000,0x000000e651400000)]
  0x000002b668c0d820 JavaThread "Sweeper thread" daemon [_thread_blocked, id=11428, stack(0x000000e651400000,0x000000e651500000)]
  0x000002b668dba030 JavaThread "JDWP Transport Listener: dt_socket" daemon [_thread_blocked, id=16540, stack(0x000000e651500000,0x000000e651600000)]
  0x000002b668dbe0f0 JavaThread "JDWP Event Helper Thread" daemon [_thread_blocked, id=21584, stack(0x000000e651600000,0x000000e651700000)]
  0x000002b668dbe7e0 JavaThread "JDWP Command Reader" daemon [_thread_in_native, id=15508, stack(0x000000e651700000,0x000000e651800000)]
  0x000002b668dc54b0 JavaThread "Notification Thread" daemon [_thread_blocked, id=4720, stack(0x000000e651800000,0x000000e651900000)]
  0x000002b668dd4640 JavaThread "Common-Cleaner" daemon [_thread_blocked, id=8012, stack(0x000000e651a00000,0x000000e651b00000)]
  0x000002b66e4a0430 JavaThread "Live Reload Server" daemon [_thread_in_native, id=12696, stack(0x000000e652700000,0x000000e652800000)]
  0x000002b66e49ff20 JavaThread "DestroyJavaVM" [_thread_blocked, id=20016, stack(0x000000e650500000,0x000000e650600000)]
  0x000002b66e49e5d0 JavaThread "HikariPool-5 housekeeper" daemon [_thread_blocked, id=12464, stack(0x000000e652000000,0x000000e652100000)]
  0x000002b66e4a4b10 JavaThread "Catalina-utility-1" [_thread_blocked, id=20044, stack(0x000000e652100000,0x000000e652200000)]
  0x000002b66e49eae0 JavaThread "Catalina-utility-2" [_thread_blocked, id=1668, stack(0x000000e652200000,0x000000e652300000)]
  0x000002b66e49e0c0 JavaThread "container-0" [_thread_blocked, id=21704, stack(0x000000e652300000,0x000000e652400000)]
  0x000002b66e4a1870 JavaThread "File Watcher" daemon [_thread_blocked, id=8852, stack(0x000000e652500000,0x000000e652600000)]
  0x000002b66e4a2cb0 JavaThread "http-nio-8080-exec-1" daemon [_thread_blocked, id=17320, stack(0x000000e652600000,0x000000e652700000)]
  0x000002b66e4a5020 JavaThread "http-nio-8080-exec-2" daemon [_thread_blocked, id=21552, stack(0x000000e652800000,0x000000e652900000)]
  0x000002b66e4a31c0 JavaThread "http-nio-8080-exec-3" daemon [_thread_blocked, id=2884, stack(0x000000e652900000,0x000000e652a00000)]
  0x000002b66e49eff0 JavaThread "http-nio-8080-exec-4" daemon [_thread_blocked, id=10516, stack(0x000000e652a00000,0x000000e652b00000)]
  0x000002b66e4a5a40 JavaThread "http-nio-8080-exec-5" daemon [_thread_blocked, id=15088, stack(0x000000e652b00000,0x000000e652c00000)]
  0x000002b66e4a36d0 JavaThread "http-nio-8080-exec-6" daemon [_thread_blocked, id=17272, stack(0x000000e652c00000,0x000000e652d00000)]
  0x000002b66e4a40f0 JavaThread "http-nio-8080-exec-7" daemon [_thread_blocked, id=19164, stack(0x000000e652d00000,0x000000e652e00000)]
  0x000002b66e4a3be0 JavaThread "http-nio-8080-exec-8" daemon [_thread_blocked, id=10940, stack(0x000000e652e00000,0x000000e652f00000)]
  0x000002b66e2775e0 JavaThread "http-nio-8080-exec-9" daemon [_thread_blocked, id=20944, stack(0x000000e652f00000,0x000000e653000000)]
  0x000002b66e279950 JavaThread "http-nio-8080-exec-10" daemon [_thread_blocked, id=2564, stack(0x000000e653000000,0x000000e653100000)]
  0x000002b66e27a370 JavaThread "http-nio-8080-Poller" daemon [_thread_in_native, id=8736, stack(0x000000e653100000,0x000000e653200000)]
  0x000002b66e278f30 JavaThread "http-nio-8080-Acceptor" daemon [_thread_in_native, id=21452, stack(0x000000e653200000,0x000000e653300000)]
  0x000002b66e27a880 JavaThread "ThreadPoolTaskScheduler-1" [_thread_blocked, id=16048, stack(0x000000e653300000,0x000000e653400000)]
  0x000002b66e277af0 JavaThread "org.springframework.kafka.KafkaListenerEndpointContainer#0-0-C-1" [_thread_in_native, id=18180, stack(0x000000e653400000,0x000000e653500000)]
  0x000002b66e4a1d80 JavaThread "kafka-coordinator-heartbeat-thread | picpay-desafio-backend" daemon [_thread_blocked, id=2248, stack(0x000000e650300000,0x000000e650400000)]

Other Threads:
  0x000002b668b7e9a0 VMThread "VM Thread" [stack: 0x000000e650b00000,0x000000e650c00000] [id=2600]
  0x000002b668dc5990 WatcherThread [stack: 0x000000e651900000,0x000000e651a00000] [id=20376]
  0x000002b64b2e77f0 GCTaskThread "GC Thread#0" [stack: 0x000000e650600000,0x000000e650700000] [id=7824]
  0x000002b66d8e7a40 GCTaskThread "GC Thread#1" [stack: 0x000000e651c00000,0x000000e651d00000] [id=22136]
  0x000002b66daf3000 GCTaskThread "GC Thread#2" [stack: 0x000000e651d00000,0x000000e651e00000] [id=21692]
  0x000002b66df883f0 GCTaskThread "GC Thread#3" [stack: 0x000000e651e00000,0x000000e651f00000] [id=18688]
  0x000002b64b2f95d0 ConcurrentGCThread "G1 Main Marker" [stack: 0x000000e650700000,0x000000e650800000] [id=7224]
  0x000002b64b2f9ff0 ConcurrentGCThread "G1 Conc#0" [stack: 0x000000e650800000,0x000000e650900000] [id=17784]
  0x000002b64b32e460 ConcurrentGCThread "G1 Refine#0" [stack: 0x000000e650900000,0x000000e650a00000] [id=21096]
  0x000002b668a144f0 ConcurrentGCThread "G1 Service" [stack: 0x000000e650a00000,0x000000e650b00000] [id=4308]

Threads with active compile tasks:
C2 CompilerThread0  3363505 8890       4       org.apache.kafka.clients.FetchSessionHandler::handleResponse (534 bytes)

VM state: not at safepoint (normal execution)

VM Mutex/Monitor currently owned by a thread: None

Heap address: 0x0000000701800000, size: 4072 MB, Compressed Oops mode: Zero based, Oop shift amount: 3

CDS archive(s) not mapped
Compressed class space mapped at: 0x0000000800000000-0x0000000840000000, reserved size: 1073741824
Narrow klass base: 0x0000000800000000, Narrow klass shift: 0, Narrow klass range: 0x40000000

GC Precious Log:
 CPUs: 4 total, 4 available
 Memory: 16280M
 Large Page Support: Disabled
 NUMA Support: Disabled
 Compressed Oops: Enabled (Zero based)
 Heap Region Size: 2M
 Heap Min Capacity: 8M
 Heap Initial Capacity: 256M
 Heap Max Capacity: 4072M
 Pre-touch: Disabled
 Parallel Workers: 4
 Concurrent Workers: 1
 Concurrent Refinement Workers: 4
 Periodic GC: Disabled

Heap:
 garbage-first heap   total 51200K, used 26376K [0x0000000701800000, 0x0000000800000000)
  region size 2048K, 2 young (4096K), 1 survivors (2048K)
 Metaspace       used 64716K, committed 65408K, reserved 1114112K
  class space    used 7669K, committed 8000K, reserved 1048576K

Heap Regions: E=young(eden), S=young(survivor), O=old, HS=humongous(starts), HC=humongous(continues), CS=collection set, F=free, OA=open archive, CA=closed archive, TAMS=top-at-mark-start (previous, next)
|   0|0x0000000701800000, 0x0000000701a00000, 0x0000000701a00000|100%| O|  |TAMS 0x0000000701a00000, 0x0000000701800000| Untracked 
|   1|0x0000000701a00000, 0x0000000701c00000, 0x0000000701c00000|100%| O|  |TAMS 0x0000000701c00000, 0x0000000701a00000| Untracked 
|   2|0x0000000701c00000, 0x0000000701dfffe0, 0x0000000701e00000| 99%| O|  |TAMS 0x0000000701dfffe0, 0x0000000701c00000| Untracked 
|   3|0x0000000701e00000, 0x0000000701fffff8, 0x0000000702000000| 99%| O|  |TAMS 0x0000000701fffff8, 0x0000000701e00000| Untracked 
|   4|0x0000000702000000, 0x00000007021ffff8, 0x0000000702200000| 99%| O|  |TAMS 0x00000007021ffff8, 0x0000000702000000| Untracked 
|   5|0x0000000702200000, 0x0000000702400000, 0x0000000702400000|100%| O|  |TAMS 0x0000000702400000, 0x0000000702200000| Untracked 
|   6|0x0000000702400000, 0x0000000702600000, 0x0000000702600000|100%| O|  |TAMS 0x0000000702600000, 0x0000000702400000| Untracked 
|   7|0x0000000702600000, 0x00000007027ffff0, 0x0000000702800000| 99%| O|  |TAMS 0x00000007027ffff0, 0x0000000702600000| Untracked 
|   8|0x0000000702800000, 0x00000007029fffe8, 0x0000000702a00000| 99%| O|  |TAMS 0x0000000702800000, 0x0000000702800000| Untracked 
|   9|0x0000000702a00000, 0x0000000702bffff0, 0x0000000702c00000| 99%| O|  |TAMS 0x0000000702a00000, 0x0000000702a00000| Untracked 
|  10|0x0000000702c00000, 0x0000000702c17c60, 0x0000000702e00000|  4%| O|  |TAMS 0x0000000702c00000, 0x0000000702c00000| Untracked 
|  11|0x0000000702e00000, 0x0000000702e4a048, 0x0000000703000000| 14%| O|  |TAMS 0x0000000702e00000, 0x0000000702e00000| Untracked 
|  12|0x0000000703000000, 0x0000000703200000, 0x0000000703200000|100%| O|  |TAMS 0x0000000703000000, 0x0000000703000000| Untracked 
|  13|0x0000000703200000, 0x0000000703400000, 0x0000000703400000|100%| O|  |TAMS 0x0000000703200000, 0x0000000703200000| Untracked 
|  14|0x0000000703400000, 0x0000000703555200, 0x0000000703600000| 66%| O|  |TAMS 0x0000000703400000, 0x0000000703400000| Untracked 
|  15|0x0000000703600000, 0x0000000703600000, 0x0000000703800000|  0%| F|  |TAMS 0x0000000703600000, 0x0000000703600000| Untracked 
|  16|0x0000000703800000, 0x0000000703800000, 0x0000000703a00000|  0%| F|  |TAMS 0x0000000703800000, 0x0000000703800000| Untracked 
|  17|0x0000000703a00000, 0x0000000703a00000, 0x0000000703c00000|  0%| F|  |TAMS 0x0000000703a00000, 0x0000000703a00000| Untracked 
|  18|0x0000000703c00000, 0x0000000703c00000, 0x0000000703e00000|  0%| F|  |TAMS 0x0000000703c00000, 0x0000000703c00000| Untracked 
|  19|0x0000000703e00000, 0x0000000703e0b298, 0x0000000704000000|  2%| S|CS|TAMS 0x0000000703e00000, 0x0000000703e00000| Complete 
|  20|0x0000000704000000, 0x0000000704000000, 0x0000000704200000|  0%| F|  |TAMS 0x0000000704000000, 0x0000000704000000| Untracked 
|  21|0x0000000704200000, 0x0000000704200000, 0x0000000704400000|  0%| F|  |TAMS 0x0000000704200000, 0x0000000704200000| Untracked 
| 122|0x0000000710c00000, 0x0000000710c00000, 0x0000000710e00000|  0%| F|  |TAMS 0x0000000710c00000, 0x0000000710c00000| Untracked 
| 123|0x0000000710e00000, 0x0000000710e00000, 0x0000000711000000|  0%| F|  |TAMS 0x0000000710e00000, 0x0000000710e00000| Untracked 
| 127|0x0000000711600000, 0x00000007116b0fb0, 0x0000000711800000| 34%| E|  |TAMS 0x0000000711600000, 0x0000000711600000| Complete 

Card table byte_map: [0x000002b65d710000,0x000002b65df10000] _byte_map_base: 0x000002b659f04000

Marking Bits (Prev, Next): (CMBitMap*) 0x000002b64b2e8e60, (CMBitMap*) 0x000002b64b2e8e20
 Prev Bits: [0x000002b6626b0000, 0x000002b666650000)
 Next Bits: [0x000002b65e710000, 0x000002b6626b0000)

Polling page: 0x000002b649230000

Metaspace:

Usage:
  Non-class:     55.71 MB used.
      Class:      7.49 MB used.
       Both:     63.20 MB used.

Virtual space:
  Non-class space:       64.00 MB reserved,      56.06 MB ( 88%) committed,  1 nodes.
      Class space:        1.00 GB reserved,       7.81 MB ( <1%) committed,  1 nodes.
             Both:        1.06 GB reserved,      63.88 MB (  6%) committed. 

Chunk freelists:
   Non-Class:  7.86 MB
       Class:  8.14 MB
        Both:  16.00 MB

MaxMetaspaceSize: unlimited
CompressedClassSpaceSize: 1.00 GB
Initial GC threshold: 21.00 MB
Current GC threshold: 105.75 MB
CDS: off
MetaspaceReclaimPolicy: balanced
 - commit_granule_bytes: 65536.
 - commit_granule_words: 8192.
 - virtual_space_node_default_size: 8388608.
 - enlarge_chunks_in_place: 1.
 - new_chunks_are_fully_committed: 0.
 - uncommit_free_chunks: 1.
 - use_allocation_guard: 0.
 - handle_deallocations: 1.


Internal statistics:

num_allocs_failed_limit: 8.
num_arena_births: 810.
num_arena_deaths: 14.
num_vsnodes_births: 2.
num_vsnodes_deaths: 0.
num_space_committed: 1022.
num_space_uncommitted: 0.
num_chunks_returned_to_freelist: 28.
num_chunks_taken_from_freelist: 2915.
num_chunk_merges: 9.
num_chunk_splits: 2058.
num_chunks_enlarged: 1594.
num_inconsistent_stats: 0.

CodeHeap 'non-profiled nmethods': size=120000Kb used=7930Kb max_used=7930Kb free=112069Kb
 bounds [0x000002b6559e0000, 0x000002b6561a0000, 0x000002b65cf10000]
CodeHeap 'profiled nmethods': size=120000Kb used=15481Kb max_used=15481Kb free=104518Kb
 bounds [0x000002b64df10000, 0x000002b64ee30000, 0x000002b655440000]
CodeHeap 'non-nmethods': size=5760Kb used=1398Kb max_used=1530Kb free=4361Kb
 bounds [0x000002b655440000, 0x000002b6556b0000, 0x000002b6559e0000]
 total_blobs=8210 nmethods=7545 adapters=577
 compilation: enabled
              stopped_count=0, restarted_count=0
 full_count=0

Compilation events (20 events):
Event: 3171.792 Thread 0x000002b668beb620 nmethod 8880 0x000002b65618a490 code [0x000002b65618a620, 0x000002b65618a7d8]
Event: 3181.308 Thread 0x000002b668bec0d0 8881       1       org.springframework.kafka.listener.ConsumerProperties::getPollTimeout (5 bytes)
Event: 3181.308 Thread 0x000002b668bec0d0 nmethod 8881 0x000002b65618a910 code [0x000002b65618aaa0, 0x000002b65618ab78]
Event: 3296.057 Thread 0x000002b668beb620 8882       4       org.apache.kafka.clients.consumer.internals.FetchMetricsAggregator$FetchMetrics::<init> (5 bytes)
Event: 3296.057 Thread 0x000002b668beb620 nmethod 8882 0x000002b65618ac10 code [0x000002b65618ad80, 0x000002b65618adf8]
Event: 3296.559 Thread 0x000002b668beb620 8883       4       org.apache.kafka.common.message.FetchResponseData::read (409 bytes)
Event: 3296.586 Thread 0x000002b668beb620 nmethod 8883 0x000002b65618af10 code [0x000002b65618b100, 0x000002b65618bd58]
Event: 3331.307 Thread 0x000002b668bec0d0 8884       1       org.springframework.kafka.listener.ContainerProperties::getNoPollThreshold (5 bytes)
Event: 3331.308 Thread 0x000002b668bec0d0 nmethod 8884 0x000002b65618c710 code [0x000002b65618c8a0, 0x000002b65618c978]
Event: 3353.459 Thread 0x000002b668bec0d0 8885       3       org.springframework.boot.web.embedded.tomcat.TomcatServletWebServerFactory$StaticResourceConfigurer::lifecycleEvent (24 bytes)
Event: 3353.460 Thread 0x000002b668bec0d0 nmethod 8885 0x000002b64ee2e490 code [0x000002b64ee2e660, 0x000002b64ee2e968]
Event: 3353.460 Thread 0x000002b668bec0d0 8886       3       org.springframework.boot.autoconfigure.web.embedded.TomcatWebServerFactoryCustomizer$$Lambda$686/0x000000080041f198::lifecycleEvent (13 bytes)
Event: 3353.460 Thread 0x000002b668bec0d0 nmethod 8886 0x000002b64ea97190 code [0x000002b64ea97320, 0x000002b64ea97488]
Event: 3353.460 Thread 0x000002b668bec0d0 8887       3       org.springframework.boot.web.embedded.tomcat.TomcatWebServer$$Lambda$687/0x000000080041f8a0::lifecycleEvent (13 bytes)
Event: 3353.461 Thread 0x000002b668bec0d0 nmethod 8887 0x000002b64ee2eb90 code [0x000002b64ee2edc0, 0x000002b64ee2f6b8]
Event: 3360.467 Thread 0x000002b668beb620 8888       4       org.apache.kafka.common.requests.FetchRequest$Builder::build (452 bytes)
Event: 3360.596 Thread 0x000002b668beb620 nmethod 8888 0x000002b65618ca10 code [0x000002b65618ce40, 0x000002b656190328]
Event: 3362.983 Thread 0x000002b668beb620 8889   !   4       org.apache.kafka.clients.consumer.internals.AbstractFetch::handleFetchResponse (543 bytes)
Event: 3363.330 Thread 0x000002b668beb620 nmethod 8889 0x000002b656192510 code [0x000002b656192960, 0x000002b656199628]
Event: 3363.331 Thread 0x000002b668beb620 8890       4       org.apache.kafka.clients.FetchSessionHandler::handleResponse (534 bytes)

GC Heap History (20 events):
Event: 2092.138 GC heap before
{Heap before GC invocations=66 (full 4):
 garbage-first heap   total 51200K, used 36576K [0x0000000701800000, 0x0000000800000000)
  region size 2048K, 6 young (12288K), 1 survivors (2048K)
 Metaspace       used 64667K, committed 65344K, reserved 1114112K
  class space    used 7668K, committed 8000K, reserved 1048576K
}
Event: 2092.141 GC heap after
{Heap after GC invocations=67 (full 4):
 garbage-first heap   total 51200K, used 26340K [0x0000000701800000, 0x0000000800000000)
  region size 2048K, 1 young (2048K), 1 survivors (2048K)
 Metaspace       used 64667K, committed 65344K, reserved 1114112K
  class space    used 7668K, committed 8000K, reserved 1048576K
}
Event: 2224.021 GC heap before
{Heap before GC invocations=67 (full 4):
 garbage-first heap   total 51200K, used 36580K [0x0000000701800000, 0x0000000800000000)
  region size 2048K, 6 young (12288K), 1 survivors (2048K)
 Metaspace       used 64668K, committed 65344K, reserved 1114112K
  class space    used 7668K, committed 8000K, reserved 1048576K
}
Event: 2224.023 GC heap after
{Heap after GC invocations=68 (full 4):
 garbage-first heap   total 51200K, used 26341K [0x0000000701800000, 0x0000000800000000)
  region size 2048K, 1 young (2048K), 1 survivors (2048K)
 Metaspace       used 64668K, committed 65344K, reserved 1114112K
  class space    used 7668K, committed 8000K, reserved 1048576K
}
Event: 2369.046 GC heap before
{Heap before GC invocations=68 (full 4):
 garbage-first heap   total 51200K, used 36581K [0x0000000701800000, 0x0000000800000000)
  region size 2048K, 6 young (12288K), 1 survivors (2048K)
 Metaspace       used 64679K, committed 65344K, reserved 1114112K
  class space    used 7668K, committed 8000K, reserved 1048576K
}
Event: 2369.048 GC heap after
{Heap after GC invocations=69 (full 4):
 garbage-first heap   total 51200K, used 26341K [0x0000000701800000, 0x0000000800000000)
  region size 2048K, 1 young (2048K), 1 survivors (2048K)
 Metaspace       used 64679K, committed 65344K, reserved 1114112K
  class space    used 7668K, committed 8000K, reserved 1048576K
}
Event: 2512.142 GC heap before
{Heap before GC invocations=69 (full 4):
 garbage-first heap   total 51200K, used 36581K [0x0000000701800000, 0x0000000800000000)
  region size 2048K, 6 young (12288K), 1 survivors (2048K)
 Metaspace       used 64686K, committed 65344K, reserved 1114112K
  class space    used 7668K, committed 8000K, reserved 1048576K
}
Event: 2512.145 GC heap after
{Heap after GC invocations=70 (full 4):
 garbage-first heap   total 51200K, used 26344K [0x0000000701800000, 0x0000000800000000)
  region size 2048K, 1 young (2048K), 1 survivors (2048K)
 Metaspace       used 64686K, committed 65344K, reserved 1114112K
  class space    used 7668K, committed 8000K, reserved 1048576K
}
Event: 2655.451 GC heap before
{Heap before GC invocations=70 (full 4):
 garbage-first heap   total 51200K, used 36584K [0x0000000701800000, 0x0000000800000000)
  region size 2048K, 6 young (12288K), 1 survivors (2048K)
 Metaspace       used 64710K, committed 65408K, reserved 1114112K
  class space    used 7668K, committed 8000K, reserved 1048576K
}
Event: 2655.454 GC heap after
{Heap after GC invocations=71 (full 4):
 garbage-first heap   total 51200K, used 26401K [0x0000000701800000, 0x0000000800000000)
  region size 2048K, 1 young (2048K), 1 survivors (2048K)
 Metaspace       used 64710K, committed 65408K, reserved 1114112K
  class space    used 7668K, committed 8000K, reserved 1048576K
}
Event: 2801.143 GC heap before
{Heap before GC invocations=71 (full 4):
 garbage-first heap   total 51200K, used 36641K [0x0000000701800000, 0x0000000800000000)
  region size 2048K, 6 young (12288K), 1 survivors (2048K)
 Metaspace       used 64710K, committed 65408K, reserved 1114112K
  class space    used 7668K, committed 8000K, reserved 1048576K
}
Event: 2801.144 GC heap after
{Heap after GC invocations=72 (full 4):
 garbage-first heap   total 51200K, used 26348K [0x0000000701800000, 0x0000000800000000)
  region size 2048K, 1 young (2048K), 1 survivors (2048K)
 Metaspace       used 64710K, committed 65408K, reserved 1114112K
  class space    used 7668K, committed 8000K, reserved 1048576K
}
Event: 2944.836 GC heap before
{Heap before GC invocations=72 (full 4):
 garbage-first heap   total 51200K, used 36588K [0x0000000701800000, 0x0000000800000000)
  region size 2048K, 6 young (12288K), 1 survivors (2048K)
 Metaspace       used 64710K, committed 65408K, reserved 1114112K
  class space    used 7668K, committed 8000K, reserved 1048576K
}
Event: 2944.837 GC heap after
{Heap after GC invocations=73 (full 4):
 garbage-first heap   total 51200K, used 26363K [0x0000000701800000, 0x0000000800000000)
  region size 2048K, 1 young (2048K), 1 survivors (2048K)
 Metaspace       used 64710K, committed 65408K, reserved 1114112K
  class space    used 7668K, committed 8000K, reserved 1048576K
}
Event: 3071.643 GC heap before
{Heap before GC invocations=73 (full 4):
 garbage-first heap   total 51200K, used 36603K [0x0000000701800000, 0x0000000800000000)
  region size 2048K, 6 young (12288K), 1 survivors (2048K)
 Metaspace       used 64710K, committed 65408K, reserved 1114112K
  class space    used 7668K, committed 8000K, reserved 1048576K
}
Event: 3071.644 GC heap after
{Heap after GC invocations=74 (full 4):
 garbage-first heap   total 51200K, used 26367K [0x0000000701800000, 0x0000000800000000)
  region size 2048K, 1 young (2048K), 1 survivors (2048K)
 Metaspace       used 64710K, committed 65408K, reserved 1114112K
  class space    used 7668K, committed 8000K, reserved 1048576K
}
Event: 3207.437 GC heap before
{Heap before GC invocations=74 (full 4):
 garbage-first heap   total 51200K, used 36607K [0x0000000701800000, 0x0000000800000000)
  region size 2048K, 6 young (12288K), 1 survivors (2048K)
 Metaspace       used 64710K, committed 65408K, reserved 1114112K
  class space    used 7668K, committed 8000K, reserved 1048576K
}
Event: 3207.439 GC heap after
{Heap after GC invocations=75 (full 4):
 garbage-first heap   total 51200K, used 26366K [0x0000000701800000, 0x0000000800000000)
  region size 2048K, 1 young (2048K), 1 survivors (2048K)
 Metaspace       used 64710K, committed 65408K, reserved 1114112K
  class space    used 7668K, committed 8000K, reserved 1048576K
}
Event: 3354.878 GC heap before
{Heap before GC invocations=75 (full 4):
 garbage-first heap   total 51200K, used 36606K [0x0000000701800000, 0x0000000800000000)
  region size 2048K, 6 young (12288K), 1 survivors (2048K)
 Metaspace       used 64716K, committed 65408K, reserved 1114112K
  class space    used 7669K, committed 8000K, reserved 1048576K
}
Event: 3354.879 GC heap after
{Heap after GC invocations=76 (full 4):
 garbage-first heap   total 51200K, used 26376K [0x0000000701800000, 0x0000000800000000)
  region size 2048K, 1 young (2048K), 1 survivors (2048K)
 Metaspace       used 64716K, committed 65408K, reserved 1114112K
  class space    used 7669K, committed 8000K, reserved 1048576K
}

Dll operation events (10 events):
Event: 0.016 Loaded shared library C:\Users\User\.vscode\extensions\redhat.java-1.30.0-win32-x64\jre\17.0.10-win32-x86_64\bin\java.dll
Event: 0.543 Loaded shared library C:\Users\User\.vscode\extensions\redhat.java-1.30.0-win32-x64\jre\17.0.10-win32-x86_64\bin\net.dll
Event: 0.545 Loaded shared library C:\Users\User\.vscode\extensions\redhat.java-1.30.0-win32-x64\jre\17.0.10-win32-x86_64\bin\nio.dll
Event: 0.562 Loaded shared library C:\Users\User\.vscode\extensions\redhat.java-1.30.0-win32-x64\jre\17.0.10-win32-x86_64\bin\zip.dll
Event: 0.813 Loaded shared library C:\Users\User\.vscode\extensions\redhat.java-1.30.0-win32-x64\jre\17.0.10-win32-x86_64\bin\jimage.dll
Event: 1.465 Loaded shared library C:\Users\User\.vscode\extensions\redhat.java-1.30.0-win32-x64\jre\17.0.10-win32-x86_64\bin\management.dll
Event: 1.469 Loaded shared library C:\Users\User\.vscode\extensions\redhat.java-1.30.0-win32-x64\jre\17.0.10-win32-x86_64\bin\management_ext.dll
Event: 3.779 Loaded shared library C:\Users\User\.vscode\extensions\redhat.java-1.30.0-win32-x64\jre\17.0.10-win32-x86_64\bin\sunmscapi.dll
Event: 7.544 Loaded shared library C:\Users\User\.vscode\extensions\redhat.java-1.30.0-win32-x64\jre\17.0.10-win32-x86_64\bin\verify.dll
Event: 11.511 Loaded shared library C:\Users\User\.vscode\extensions\redhat.java-1.30.0-win32-x64\jre\17.0.10-win32-x86_64\bin\extnet.dll

Deoptimization events (20 events):
Event: 1141.562 Thread 0x000002b66e277af0 Uncommon trap: trap_request=0xffffff45 fr.pc=0x000002b65609ad08 relative=0x0000000000001448
Event: 1141.562 Thread 0x000002b66e277af0 Uncommon trap: reason=unstable_if action=reinterpret pc=0x000002b65609ad08 method=org.apache.kafka.common.network.Selector$IdleExpiryManager.pollExpiredConnection(J)Ljava/util/Map$Entry; @ 6 c2
Event: 1141.562 Thread 0x000002b66e277af0 DEOPT PACKING pc=0x000002b65609ad08 sp=0x000000e6534febf0
Event: 1141.562 Thread 0x000002b66e277af0 DEOPT UNPACKING pc=0x000002b6554969a3 sp=0x000000e6534fea98 mode 2
Event: 1141.562 Thread 0x000002b66e277af0 Uncommon trap: trap_request=0xffffff45 fr.pc=0x000002b6560ee2c4 relative=0x0000000000000184
Event: 1141.562 Thread 0x000002b66e277af0 Uncommon trap: reason=unstable_if action=reinterpret pc=0x000002b6560ee2c4 method=org.apache.kafka.clients.NetworkClient.handleDisconnections(Ljava/util/List;J)V @ 28 c2
Event: 1141.562 Thread 0x000002b66e277af0 DEOPT PACKING pc=0x000002b6560ee2c4 sp=0x000000e6534fec10
Event: 1141.562 Thread 0x000002b66e277af0 DEOPT UNPACKING pc=0x000002b6554969a3 sp=0x000000e6534febc8 mode 2
Event: 1141.573 Thread 0x000002b66e4a1d80 Uncommon trap: trap_request=0xffffff45 fr.pc=0x000002b655ee8d78 relative=0x0000000000000078
Event: 1141.573 Thread 0x000002b66e4a1d80 Uncommon trap: reason=unstable_if action=reinterpret pc=0x000002b655ee8d78 method=org.apache.kafka.common.network.Selector$IdleExpiryManager.pollExpiredConnection(J)Ljava/util/Map$Entry; @ 6 c2
Event: 1141.573 Thread 0x000002b66e4a1d80 DEOPT PACKING pc=0x000002b655ee8d78 sp=0x000000e6503feff0
Event: 1141.573 Thread 0x000002b66e4a1d80 DEOPT UNPACKING pc=0x000002b6554969a3 sp=0x000000e6503fef08 mode 2
Event: 1143.032 Thread 0x000002b66e277af0 Uncommon trap: trap_request=0xffffff45 fr.pc=0x000002b655cfdfc0 relative=0x0000000000001040
Event: 1143.032 Thread 0x000002b66e277af0 Uncommon trap: reason=unstable_if action=reinterpret pc=0x000002b655cfdfc0 method=java.util.LinkedHashMap.afterNodeAccess(Ljava/util/HashMap$Node;)V @ 41 c2
Event: 1143.032 Thread 0x000002b66e277af0 DEOPT PACKING pc=0x000002b655cfdfc0 sp=0x000000e6534fe8d0
Event: 1143.032 Thread 0x000002b66e277af0 DEOPT UNPACKING pc=0x000002b6554969a3 sp=0x000000e6534fe800 mode 2
Event: 2161.517 Thread 0x000002b66e4a4b10 Uncommon trap: trap_request=0xffffff45 fr.pc=0x000002b6560f175c relative=0x00000000000000bc
Event: 2161.517 Thread 0x000002b66e4a4b10 Uncommon trap: reason=unstable_if action=reinterpret pc=0x000002b6560f175c method=java.util.concurrent.ScheduledThreadPoolExecutor$ScheduledFutureTask.compareTo(Ljava/util/concurrent/Delayed;)I @ 40 c2
Event: 2161.517 Thread 0x000002b66e4a4b10 DEOPT PACKING pc=0x000002b6560f175c sp=0x000000e6521ff050
Event: 2161.517 Thread 0x000002b66e4a4b10 DEOPT UNPACKING pc=0x000002b6554969a3 sp=0x000000e6521fefd8 mode 2

Classes unloaded (7 events):
Event: 15.333 Thread 0x000002b668b7e9a0 Unloading class 0x000000080059c000 'jdk/internal/reflect/GeneratedSerializationConstructorAccessor1'
Event: 324.811 Thread 0x000002b668b7e9a0 Unloading class 0x00000008007c1800 'jdk/internal/reflect/GeneratedSerializationConstructorAccessor2'
Event: 324.811 Thread 0x000002b668b7e9a0 Unloading class 0x00000008007bc800 'org/apache/catalina/loader/JdbcLeakPrevention'
Event: 401.256 Thread 0x000002b668b7e9a0 Unloading class 0x00000008007c8000 'jdk/internal/reflect/GeneratedSerializationConstructorAccessor3'
Event: 401.256 Thread 0x000002b668b7e9a0 Unloading class 0x00000008007c4000 'org/apache/catalina/loader/JdbcLeakPrevention'
Event: 599.430 Thread 0x000002b668b7e9a0 Unloading class 0x00000008007d1000 'jdk/internal/reflect/GeneratedSerializationConstructorAccessor4'
Event: 599.430 Thread 0x000002b668b7e9a0 Unloading class 0x00000008007c8c00 'org/apache/catalina/loader/JdbcLeakPrevention'

Classes redefined (0 events):
No events

Internal exceptions (20 events):
Event: 464.670 Thread 0x000002b66e4a36d0 Exception <a 'java/lang/reflect/InvocationTargetException'{0x0000000704384b08}> (0x0000000704384b08) 
thrown [s\src\hotspot\share\runtime\reflection.cpp, line 1121]
Event: 599.388 Thread 0x000002b66e4a2cb0 Exception <a 'java/lang/InterruptedException'{0x0000000704271350}: sleep interrupted> (0x0000000704271350) 
thrown [s\src\hotspot\share\prims\jvm.cpp, line 3064]
Event: 599.587 Thread 0x000002b66e4a1d80 Exception <a 'sun/nio/fs/WindowsException'{0x0000000711676ea8}> (0x0000000711676ea8) 
thrown [s\src\hotspot\share\prims\jni.cpp, line 516]
Event: 599.734 Thread 0x000002b66e4a1d80 Exception <a 'sun/nio/fs/WindowsException'{0x0000000710eefed8}> (0x0000000710eefed8) 
thrown [s\src\hotspot\share\prims\jni.cpp, line 516]
Event: 600.349 Thread 0x000002b66e4a1d80 Exception <a 'sun/nio/fs/WindowsException'{0x0000000710dde698}> (0x0000000710dde698) 
thrown [s\src\hotspot\share\prims\jni.cpp, line 516]
Event: 600.365 Thread 0x000002b66e4a1d80 Exception <a 'sun/nio/fs/WindowsException'{0x000000070422cf48}> (0x000000070422cf48) 
thrown [s\src\hotspot\share\prims\jni.cpp, line 516]
Event: 600.486 Thread 0x000002b66e4a1d80 Exception <a 'java/lang/NoClassDefFoundError'{0x00000007040f5398}: org/flywaydb/core/Flyway> (0x00000007040f5398) 
thrown [s\src\hotspot\share\oops\constantPool.cpp, line 835]
Event: 600.486 Thread 0x000002b66e4a1d80 Exception <a 'java/lang/NoClassDefFoundError'{0x00000007040f59e8}: liquibase/integration/spring/SpringLiquibase> (0x00000007040f59e8) 
thrown [s\src\hotspot\share\oops\constantPool.cpp, line 835]
Event: 600.486 Thread 0x000002b66e4a1d80 Exception <a 'java/lang/NoClassDefFoundError'{0x00000007040f73e0}: jakarta/persistence/EntityManagerFactory> (0x00000007040f73e0) 
thrown [s\src\hotspot\share\oops\constantPool.cpp, line 835]
Event: 600.496 Thread 0x000002b66e4a1d80 Exception <a 'java/lang/NoClassDefFoundError'{0x0000000704142048}: org/jooq/DSLContext> (0x0000000704142048) 
thrown [s\src\hotspot\share\oops\constantPool.cpp, line 835]
Event: 600.496 Thread 0x000002b66e4a1d80 Exception <a 'java/lang/NoClassDefFoundError'{0x00000007041434a8}: org/springframework/batch/core/repository/JobRepository> (0x00000007041434a8) 
thrown [s\src\hotspot\share\oops\constantPool.cpp, line 835]
Event: 600.496 Thread 0x000002b66e4a1d80 Exception <a 'java/lang/NoClassDefFoundError'{0x0000000704143af0}: org/quartz/Scheduler> (0x0000000704143af0) 
thrown [s\src\hotspot\share\oops\constantPool.cpp, line 835]
Event: 600.496 Thread 0x000002b66e4a1d80 Exception <a 'java/lang/NoClassDefFoundError'{0x0000000704144160}: org/springframework/session/jdbc/JdbcIndexedSessionRepository> (0x0000000704144160) 
thrown [s\src\hotspot\share\oops\constantPool.cpp, line 835]
Event: 600.596 Thread 0x000002b66e4a1d80 Exception <a 'sun/nio/fs/WindowsException'{0x0000000710e67f70}> (0x0000000710e67f70) 
thrown [s\src\hotspot\share\prims\jni.cpp, line 516]
Event: 600.596 Thread 0x000002b66e4a1d80 Exception <a 'sun/nio/fs/WindowsException'{0x0000000710e68578}> (0x0000000710e68578) 
thrown [s\src\hotspot\share\prims\jni.cpp, line 516]
Event: 600.597 Thread 0x000002b66e4a1d80 Exception <a 'sun/nio/fs/WindowsException'{0x0000000710e68c50}> (0x0000000710e68c50) 
thrown [s\src\hotspot\share\prims\jni.cpp, line 516]
Event: 600.630 Thread 0x000002b66e4a1d80 Exception <a 'java/io/FileNotFoundException'{0x0000000710e9c820}> (0x0000000710e9c820) 
thrown [s\src\hotspot\share\prims\jni.cpp, line 516]
Event: 600.734 Thread 0x000002b66e4a1d80 Exception <a 'java/io/FileNotFoundException'{0x0000000704346f30}> (0x0000000704346f30) 
thrown [s\src\hotspot\share\prims\jni.cpp, line 516]
Event: 600.771 Thread 0x000002b66e4a1d80 Exception <a 'sun/nio/fs/WindowsException'{0x00000007040680f0}> (0x00000007040680f0) 
thrown [s\src\hotspot\share\prims\jni.cpp, line 516]
Event: 600.885 Thread 0x000002b66e4a1d80 Exception <a 'sun/nio/fs/WindowsException'{0x0000000710f897a8}> (0x0000000710f897a8) 
thrown [s\src\hotspot\share\prims\jni.cpp, line 516]

VM Operations (20 events):
Event: 2655.451 Executing VM operation: G1CollectForAllocation
Event: 2655.454 Executing VM operation: G1CollectForAllocation done
Event: 2683.702 Executing VM operation: Cleanup
Event: 2683.702 Executing VM operation: Cleanup done
Event: 2705.907 Executing VM operation: Cleanup
Event: 2705.908 Executing VM operation: Cleanup done
Event: 2762.437 Executing VM operation: Cleanup
Event: 2762.437 Executing VM operation: Cleanup done
Event: 2770.492 Executing VM operation: Cleanup
Event: 2770.492 Executing VM operation: Cleanup done
Event: 2801.143 Executing VM operation: G1CollectForAllocation
Event: 2801.144 Executing VM operation: G1CollectForAllocation done
Event: 2944.835 Executing VM operation: G1CollectForAllocation
Event: 2944.837 Executing VM operation: G1CollectForAllocation done
Event: 3071.643 Executing VM operation: G1CollectForAllocation
Event: 3071.644 Executing VM operation: G1CollectForAllocation done
Event: 3207.437 Executing VM operation: G1CollectForAllocation
Event: 3207.439 Executing VM operation: G1CollectForAllocation done
Event: 3354.878 Executing VM operation: G1CollectForAllocation
Event: 3354.879 Executing VM operation: G1CollectForAllocation done

Events (20 events):
Event: 1673.033 Thread 0x000002b668c0d820 flushing nmethod 0x000002b64e529110
Event: 1673.035 Thread 0x000002b668c0d820 flushing nmethod 0x000002b64e6df710
Event: 1673.037 Thread 0x000002b668c0d820 flushing nmethod 0x000002b64e98a710
Event: 1673.038 Thread 0x000002b668c0d820 flushing nmethod 0x000002b64e9bfa90
Event: 2357.368 Thread 0x000002b66e4a5530 Thread added: 0x000002b66e4a5530
Event: 2357.368 Thread 0x000002b671499b40 Thread added: 0x000002b671499b40
Event: 2370.278 Thread 0x000002b66e4a5530 Thread exited: 0x000002b66e4a5530
Event: 2370.286 Thread 0x000002b671499b40 Thread exited: 0x000002b671499b40
Event: 2371.460 Thread 0x000002b66e4a5530 Thread added: 0x000002b66e4a5530
Event: 2371.460 Thread 0x000002b6714977d0 Thread added: 0x000002b6714977d0
Event: 2376.476 Thread 0x000002b66e4a5530 Thread exited: 0x000002b66e4a5530
Event: 2376.493 Thread 0x000002b6714977d0 Thread exited: 0x000002b6714977d0
Event: 2384.047 Thread 0x000002b66e4a5530 Thread added: 0x000002b66e4a5530
Event: 2384.048 Thread 0x000002b671496db0 Thread added: 0x000002b671496db0
Event: 2390.667 Thread 0x000002b66e4a5530 Thread exited: 0x000002b66e4a5530
Event: 2390.691 Thread 0x000002b671496db0 Thread exited: 0x000002b671496db0
Event: 2397.358 Thread 0x000002b66e4a5530 Thread added: 0x000002b66e4a5530
Event: 2397.358 Thread 0x000002b6714977d0 Thread added: 0x000002b6714977d0
Event: 2402.372 Thread 0x000002b66e4a5530 Thread exited: 0x000002b66e4a5530
Event: 2402.392 Thread 0x000002b6714977d0 Thread exited: 0x000002b6714977d0


Dynamic libraries:
0x00007ff77e4e0000 - 0x00007ff77e4ee000 	C:\Users\User\.vscode\extensions\redhat.java-1.30.0-win32-x64\jre\17.0.10-win32-x86_64\bin\java.exe
0x00007ffc4d9d0000 - 0x00007ffc4dbc8000 	C:\Windows\SYSTEM32\ntdll.dll
0x00007ffc4cac0000 - 0x00007ffc4cb7d000 	C:\Windows\System32\KERNEL32.DLL
0x00007ffc4b6d0000 - 0x00007ffc4b9c6000 	C:\Windows\System32\KERNELBASE.dll
0x00007ffc4b2c0000 - 0x00007ffc4b3c0000 	C:\Windows\System32\ucrtbase.dll
0x00007ffc43740000 - 0x00007ffc4375b000 	C:\Users\User\.vscode\extensions\redhat.java-1.30.0-win32-x64\jre\17.0.10-win32-x86_64\bin\VCRUNTIME140.dll
0x00007ffc43760000 - 0x00007ffc43777000 	C:\Users\User\.vscode\extensions\redhat.java-1.30.0-win32-x64\jre\17.0.10-win32-x86_64\bin\jli.dll
0x00007ffc4c8b0000 - 0x00007ffc4ca4f000 	C:\Windows\System32\USER32.dll
0x00007ffc4b9d0000 - 0x00007ffc4b9f2000 	C:\Windows\System32\win32u.dll
0x00007ffc3a440000 - 0x00007ffc3a6da000 	C:\Windows\WinSxS\amd64_microsoft.windows.common-controls_6595b64144ccf1df_6.0.19041.4355_none_60b8b9eb71f62e16\COMCTL32.dll
0x00007ffc4ba00000 - 0x00007ffc4ba9e000 	C:\Windows\System32\msvcrt.dll
0x00007ffc4cc20000 - 0x00007ffc4cc4b000 	C:\Windows\System32\GDI32.dll
0x00007ffc4b080000 - 0x00007ffc4b197000 	C:\Windows\System32\gdi32full.dll
0x00007ffc4b1f0000 - 0x00007ffc4b28d000 	C:\Windows\System32\msvcp_win.dll
0x00007ffc4cb80000 - 0x00007ffc4cbb2000 	C:\Windows\System32\IMM32.DLL
0x00007ffc459e0000 - 0x00007ffc459ec000 	C:\Users\User\.vscode\extensions\redhat.java-1.30.0-win32-x64\jre\17.0.10-win32-x86_64\bin\vcruntime140_1.dll
0x00007ffc2a650000 - 0x00007ffc2a6dd000 	C:\Users\User\.vscode\extensions\redhat.java-1.30.0-win32-x64\jre\17.0.10-win32-x86_64\bin\msvcp140.dll
0x00007ffc15990000 - 0x00007ffc165f2000 	C:\Users\User\.vscode\extensions\redhat.java-1.30.0-win32-x64\jre\17.0.10-win32-x86_64\bin\server\jvm.dll
0x00007ffc4d3d0000 - 0x00007ffc4d480000 	C:\Windows\System32\ADVAPI32.dll
0x00007ffc4bba0000 - 0x00007ffc4bc40000 	C:\Windows\System32\sechost.dll
0x00007ffc4d120000 - 0x00007ffc4d243000 	C:\Windows\System32\RPCRT4.dll
0x00007ffc4b290000 - 0x00007ffc4b2b7000 	C:\Windows\System32\bcrypt.dll
0x00007ffc4a570000 - 0x00007ffc4a5bb000 	C:\Windows\SYSTEM32\POWRPROF.dll
0x00007ffc325c0000 - 0x00007ffc325c9000 	C:\Windows\SYSTEM32\WSOCK32.dll
0x00007ffc4ca50000 - 0x00007ffc4cabb000 	C:\Windows\System32\WS2_32.dll
0x00007ffc36250000 - 0x00007ffc36277000 	C:\Windows\SYSTEM32\WINMM.dll
0x00007ffc3bb80000 - 0x00007ffc3bb8a000 	C:\Windows\SYSTEM32\VERSION.dll
0x00007ffc4a430000 - 0x00007ffc4a442000 	C:\Windows\SYSTEM32\UMPDC.dll
0x00007ffc48ec0000 - 0x00007ffc48ed2000 	C:\Windows\SYSTEM32\kernel.appcore.dll
0x00007ffc458f0000 - 0x00007ffc458fa000 	C:\Users\User\.vscode\extensions\redhat.java-1.30.0-win32-x64\jre\17.0.10-win32-x86_64\bin\jimage.dll
0x00007ffc36b30000 - 0x00007ffc36d14000 	C:\Windows\SYSTEM32\DBGHELP.DLL
0x00007ffc36060000 - 0x00007ffc36094000 	C:\Windows\SYSTEM32\dbgcore.DLL
0x00007ffc4b3c0000 - 0x00007ffc4b442000 	C:\Windows\System32\bcryptPrimitives.dll
0x00007ffc45300000 - 0x00007ffc4533b000 	C:\Users\User\.vscode\extensions\redhat.java-1.30.0-win32-x64\jre\17.0.10-win32-x86_64\bin\jdwp.dll
0x00007ffc43640000 - 0x00007ffc43665000 	C:\Users\User\.vscode\extensions\redhat.java-1.30.0-win32-x64\jre\17.0.10-win32-x86_64\bin\java.dll
0x00007ffc43720000 - 0x00007ffc43738000 	C:\Users\User\.vscode\extensions\redhat.java-1.30.0-win32-x64\jre\17.0.10-win32-x86_64\bin\zip.dll
0x00007ffc4bd80000 - 0x00007ffc4c4eb000 	C:\Windows\System32\SHELL32.dll
0x00007ffc490c0000 - 0x00007ffc4985d000 	C:\Windows\SYSTEM32\windows.storage.dll
0x00007ffc4d630000 - 0x00007ffc4d983000 	C:\Windows\System32\combase.dll
0x00007ffc4a9c0000 - 0x00007ffc4a9ee000 	C:\Windows\SYSTEM32\Wldp.dll
0x00007ffc4d250000 - 0x00007ffc4d31d000 	C:\Windows\System32\OLEAUT32.dll
0x00007ffc4c4f0000 - 0x00007ffc4c59d000 	C:\Windows\System32\SHCORE.dll
0x00007ffc4cc50000 - 0x00007ffc4cca5000 	C:\Windows\System32\shlwapi.dll
0x00007ffc4afb0000 - 0x00007ffc4afd4000 	C:\Windows\SYSTEM32\profapi.dll
0x00007ffc489b0000 - 0x00007ffc489bc000 	C:\Users\User\.vscode\extensions\redhat.java-1.30.0-win32-x64\jre\17.0.10-win32-x86_64\bin\dt_socket.dll
0x00007ffc4a450000 - 0x00007ffc4a48b000 	C:\Windows\SYSTEM32\IPHLPAPI.DLL
0x00007ffc4a7a0000 - 0x00007ffc4a80a000 	C:\Windows\system32\mswsock.dll
0x00007ffc4a4a0000 - 0x00007ffc4a56b000 	C:\Windows\SYSTEM32\DNSAPI.dll
0x00007ffc4c7a0000 - 0x00007ffc4c7a8000 	C:\Windows\System32\NSI.dll
0x00007ffc440d0000 - 0x00007ffc440da000 	C:\Windows\System32\rasadhlp.dll
0x00007ffc3dcd0000 - 0x00007ffc3dd50000 	C:\Windows\System32\fwpuclnt.dll
0x00007ffc433e0000 - 0x00007ffc433f9000 	C:\Users\User\.vscode\extensions\redhat.java-1.30.0-win32-x64\jre\17.0.10-win32-x86_64\bin\net.dll
0x00007ffc42f90000 - 0x00007ffc4309a000 	C:\Windows\SYSTEM32\WINHTTP.dll
0x00007ffc3f1b0000 - 0x00007ffc3f1c6000 	C:\Users\User\.vscode\extensions\redhat.java-1.30.0-win32-x64\jre\17.0.10-win32-x86_64\bin\nio.dll
0x00007ffc45980000 - 0x00007ffc45989000 	C:\Users\User\.vscode\extensions\redhat.java-1.30.0-win32-x64\jre\17.0.10-win32-x86_64\bin\management.dll
0x00007ffc45340000 - 0x00007ffc4534b000 	C:\Users\User\.vscode\extensions\redhat.java-1.30.0-win32-x64\jre\17.0.10-win32-x86_64\bin\management_ext.dll
0x00007ffc4bd70000 - 0x00007ffc4bd78000 	C:\Windows\System32\PSAPI.DLL
0x00007ffc452a0000 - 0x00007ffc452ae000 	C:\Users\User\.vscode\extensions\redhat.java-1.30.0-win32-x64\jre\17.0.10-win32-x86_64\bin\sunmscapi.dll
0x00007ffc4b450000 - 0x00007ffc4b5ae000 	C:\Windows\System32\CRYPT32.dll
0x00007ffc4aa30000 - 0x00007ffc4aa59000 	C:\Windows\SYSTEM32\ncrypt.dll
0x00007ffc4a9f0000 - 0x00007ffc4aa2b000 	C:\Windows\SYSTEM32\NTASN1.dll
0x00007ffc45780000 - 0x00007ffc45790000 	C:\Users\User\.vscode\extensions\redhat.java-1.30.0-win32-x64\jre\17.0.10-win32-x86_64\bin\verify.dll
0x00007ffc4ab60000 - 0x00007ffc4ab78000 	C:\Windows\SYSTEM32\CRYPTSP.dll
0x00007ffc4a070000 - 0x00007ffc4a0a4000 	C:\Windows\system32\rsaenh.dll
0x00007ffc4af20000 - 0x00007ffc4af4e000 	C:\Windows\SYSTEM32\USERENV.dll
0x00007ffc4a930000 - 0x00007ffc4a93c000 	C:\Windows\SYSTEM32\CRYPTBASE.dll
0x00007ffc44100000 - 0x00007ffc44117000 	C:\Windows\SYSTEM32\dhcpcsvc6.DLL
0x00007ffc440e0000 - 0x00007ffc440fd000 	C:\Windows\SYSTEM32\dhcpcsvc.DLL
0x00007ffc45290000 - 0x00007ffc45299000 	C:\Users\User\.vscode\extensions\redhat.java-1.30.0-win32-x64\jre\17.0.10-win32-x86_64\bin\extnet.dll
0x00007ffc398b0000 - 0x00007ffc398b7000 	C:\Windows\system32\wshunix.dll

dbghelp: loaded successfully - version: 4.0.5 - missing functions: none
symbol engine: initialized successfully - sym options: 0x614 - pdb path: .;C:\Users\User\.vscode\extensions\redhat.java-1.30.0-win32-x64\jre\17.0.10-win32-x86_64\bin;C:\Windows\SYSTEM32;C:\Windows\WinSxS\amd64_microsoft.windows.common-controls_6595b64144ccf1df_6.0.19041.4355_none_60b8b9eb71f62e16;C:\Users\User\.vscode\extensions\redhat.java-1.30.0-win32-x64\jre\17.0.10-win32-x86_64\bin\server

VM Arguments:
jvm_args: -agentlib:jdwp=transport=dt_socket,server=n,suspend=y,address=localhost:50271 -XX:+ShowCodeDetailsInExceptionMessages 
java_command: br.com.picpay.picpay.PicpayApplication
java_class_path (initial): C:\Users\User\Desktop\FACULDADE\5 Periodo\Arquitetura de Software\Desafio PicPay\picpay\target\classes;C:\Users\User\.m2\repository\org\springframework\boot\spring-boot-starter-data-jdbc\3.2.5\spring-boot-starter-data-jdbc-3.2.5.jar;C:\Users\User\.m2\repository\org\springframework\boot\spring-boot-starter-jdbc\3.2.5\spring-boot-starter-jdbc-3.2.5.jar;C:\Users\User\.m2\repository\com\zaxxer\HikariCP\5.0.1\HikariCP-5.0.1.jar;C:\Users\User\.m2\repository\org\springframework\spring-jdbc\6.1.6\spring-jdbc-6.1.6.jar;C:\Users\User\.m2\repository\org\springframework\data\spring-data-jdbc\3.2.5\spring-data-jdbc-3.2.5.jar;C:\Users\User\.m2\repository\org\springframework\data\spring-data-relational\3.2.5\spring-data-relational-3.2.5.jar;C:\Users\User\.m2\repository\com\github\jsqlparser\jsqlparser\4.6\jsqlparser-4.6.jar;C:\Users\User\.m2\repository\org\springframework\data\spring-data-commons\3.2.5\spring-data-commons-3.2.5.jar;C:\Users\User\.m2\repository\org\springframework\spring-beans\6.1.6\spring-beans-6.1.6.jar;C:\Users\User\.m2\repository\org\slf4j\slf4j-api\2.0.13\slf4j-api-2.0.13.jar;C:\Users\User\.m2\repository\org\springframework\boot\spring-boot-starter-web\3.2.5\spring-boot-starter-web-3.2.5.jar;C:\Users\User\.m2\repository\org\springframework\boot\spring-boot-starter\3.2.5\spring-boot-starter-3.2.5.jar;C:\Users\User\.m2\repository\org\springframework\boot\spring-boot-starter-logging\3.2.5\spring-boot-starter-logging-3.2.5.jar;C:\Users\User\.m2\repository\org\apache\logging\log4j\log4j-to-slf4j\2.21.1\log4j-to-slf4j-2.21.1.jar;C:\Users\User\.m2\repository\org\apache\logging\log4j\log4j-api\2.21.1\log4j-api-2.21.1.jar;C:\Users\User\.m2\repository\org\slf4j\jul-to-slf4j\2.0.13\jul-to-slf4j-2.0.13.jar;C:\Users\User\.m2\repository\jakarta\annotation\jakarta.annotation-api\2.1.1\jakarta.annotation-api-2.1.1.jar;C:\Users\User\.m2\repository\org\yaml\snakeyaml\2.2\snakeyaml-2.2.jar;C:\Users\User\.m2\repository\org\springframework\boot\spring-
Launcher Type: SUN_STANDARD

[Global flags]
     intx CICompilerCount                          = 3                                         {product} {ergonomic}
     uint ConcGCThreads                            = 1                                         {product} {ergonomic}
     uint G1ConcRefinementThreads                  = 4                                         {product} {ergonomic}
   size_t G1HeapRegionSize                         = 2097152                                   {product} {ergonomic}
    uintx GCDrainStackTargetSize                   = 64                                        {product} {ergonomic}
   size_t InitialHeapSize                          = 268435456                                 {product} {ergonomic}
   size_t MarkStackSize                            = 4194304                                   {product} {ergonomic}
   size_t MaxHeapSize                              = 4269801472                                {product} {ergonomic}
   size_t MaxNewSize                               = 2560622592                                {product} {ergonomic}
   size_t MinHeapDeltaBytes                        = 2097152                                   {product} {ergonomic}
   size_t MinHeapSize                              = 8388608                                   {product} {ergonomic}
    uintx NonNMethodCodeHeapSize                   = 5832780                                {pd product} {ergonomic}
    uintx NonProfiledCodeHeapSize                  = 122912730                              {pd product} {ergonomic}
    uintx ProfiledCodeHeapSize                     = 122912730                              {pd product} {ergonomic}
    uintx ReservedCodeCacheSize                    = 251658240                              {pd product} {ergonomic}
     bool SegmentedCodeCache                       = true                                      {product} {ergonomic}
     bool ShowCodeDetailsInExceptionMessages       = true                                   {manageable} {command line}
   size_t SoftMaxHeapSize                          = 4269801472                             {manageable} {ergonomic}
     bool UseCompressedClassPointers               = true                           {product lp64_product} {ergonomic}
     bool UseCompressedOops                        = true                           {product lp64_product} {ergonomic}
     bool UseG1GC                                  = true                                      {product} {ergonomic}
     bool UseLargePagesIndividualAllocation        = false                                  {pd product} {ergonomic}

Logging:
Log output configuration:
 #0: stdout all=warning uptime,level,tags
 #1: stderr all=off uptime,level,tags

Environment Variables:
JAVA_HOME=C:\Program Files\Java\jdk-20
PATH=C:\Program Files\Common Files\Oracle\Java\javapath;C:\Program Files (x86)\Common Files\Oracle\Java\javapath;C:\Windows\system32;C:\Windows;C:\Windows\System32\Wbem;C:\Windows\System32\WindowsPowerShell\v1.0\;C:\Windows\System32\OpenSSH\;C:\Program Files\dotnet\;C:\Program Files\Git\cmd;C:\Program Files\Microsoft SQL Server\Client SDK\ODBC\170\Tools\Binn\;C:\Program Files (x86)\Microsoft SQL Server\150\Tools\Binn\;C:\Program Files\Microsoft SQL Server\150\Tools\Binn\;C:\Program Files\Microsoft SQL Server\150\DTS\Binn\;C:\Program Files\Docker\Docker\resources\bin;C:\Program Files (x86)\apache-maven-3.9.3\bin;C:\Program Files\PostgreSQL\14;C:\Program Files\Java\jdk-20\bin;C:\flutter\flutter\bin;C:\Program Files\nodejs\;C:\Users\User\AppData\Local\Microsoft\WindowsApps;C:\Users\User\AppData\Local\Programs\Microsoft VS Code\bin;C:\Users\User\.dotnet\tools;C:\Users\User\AppData\Local\GitHubDesktop\bin;C:\Users\User\AppData\Roaming\npm
USERNAME=User
LANG=en_US.UTF-8
OS=Windows_NT
PROCESSOR_IDENTIFIER=Intel64 Family 6 Model 69 Stepping 1, GenuineIntel
TMP=C:\Users\User\AppData\Local\Temp
TEMP=C:\Users\User\AppData\Local\Temp



Periodic native trim disabled


---------------  S Y S T E M  ---------------

OS:
 Windows 10 , 64 bit Build 19041 (10.0.19041.3636)
OS uptime: 3 days 20:04 hours
Hyper-V role detected

CPU: total 4 (initial active 4) (2 cores per cpu, 2 threads per core) family 6 model 69 stepping 1 microcode 0x25, cx8, cmov, fxsr, ht, mmx, sse, sse2, sse3, ssse3, sse4.1, sse4.2, popcnt, lzcnt, tsc, tscinvbit, avx, avx2, aes, erms, clmul, bmi1, bmi2, fma, vzeroupper, clflush, hv
Processor Information for all 4 processors :
  Max Mhz: 2401, Current Mhz: 1800, Mhz Limit: 1776

Memory: 4k page, system-wide physical 16280M (5730M free)
TotalPageFile size 25321M (AvailPageFile size 22M)
current process WorkingSet (physical memory assigned to process): 247M, peak: 308M
current process commit charge ("private bytes"): 271M, peak: 375M

vm_info: OpenJDK 64-Bit Server VM (17.0.10+7) for windows-amd64 JRE (17.0.10+7), built on Jan 16 2024 23:25:11 by "admin" with MS VC++ 16.10 / 16.11 (VS2019)

END.
